0 info it worked if it ends with ok
1 verbose cli [ '/usr/local/bin/node',
1 verbose cli   '/usr/local/bin/npm',
1 verbose cli   'install',
1 verbose cli   'webpack-dev-server',
1 verbose cli   '-g' ]
2 info using npm@1.4.28
3 info using node@v0.10.33
4 verbose cache add [ 'webpack-dev-server', null ]
5 verbose cache add name=undefined spec="webpack-dev-server" args=["webpack-dev-server",null]
6 verbose parsed url { protocol: null,
6 verbose parsed url   slashes: null,
6 verbose parsed url   auth: null,
6 verbose parsed url   host: null,
6 verbose parsed url   port: null,
6 verbose parsed url   hostname: null,
6 verbose parsed url   hash: null,
6 verbose parsed url   search: null,
6 verbose parsed url   query: null,
6 verbose parsed url   pathname: 'webpack-dev-server',
6 verbose parsed url   path: 'webpack-dev-server',
6 verbose parsed url   href: 'webpack-dev-server' }
7 silly lockFile c567c02f-webpack-dev-server webpack-dev-server
8 verbose lock webpack-dev-server /Users/alexbulnes/.npm/c567c02f-webpack-dev-server.lock
9 silly lockFile c567c02f-webpack-dev-server webpack-dev-server
10 silly lockFile c567c02f-webpack-dev-server webpack-dev-server
11 verbose addNamed [ 'webpack-dev-server', '' ]
12 verbose addNamed [ null, '*' ]
13 silly lockFile b579fb99-webpack-dev-server webpack-dev-server@
14 verbose lock webpack-dev-server@ /Users/alexbulnes/.npm/b579fb99-webpack-dev-server.lock
15 silly addNameRange { name: 'webpack-dev-server', range: '*', hasData: false }
16 verbose request where is /webpack-dev-server
17 verbose request registry https://registry.npmjs.org/
18 verbose request id 0b82d7cd6f3196da
19 verbose url raw /webpack-dev-server
20 verbose url resolving [ 'https://registry.npmjs.org/', './webpack-dev-server' ]
21 verbose url resolved https://registry.npmjs.org/webpack-dev-server
22 verbose request where is https://registry.npmjs.org/webpack-dev-server
23 info trying registry request attempt 1 at 01:08:45
24 http GET https://registry.npmjs.org/webpack-dev-server
25 http 200 https://registry.npmjs.org/webpack-dev-server
26 silly registry.get cb [ 200,
26 silly registry.get   { server: 'CouchDB/1.5.0 (Erlang OTP/R16B03)',
26 silly registry.get     etag: '"73OOQY3KSZE3A8ED3ZSCVA8D0"',
26 silly registry.get     'content-type': 'application/json',
26 silly registry.get     'cache-control': 'max-age=60',
26 silly registry.get     'content-length': '82127',
26 silly registry.get     'accept-ranges': 'bytes',
26 silly registry.get     date: 'Sun, 17 May 2015 04:08:46 GMT',
26 silly registry.get     via: '1.1 varnish',
26 silly registry.get     age: '0',
26 silly registry.get     connection: 'keep-alive',
26 silly registry.get     'x-served-by': 'cache-ord1727-ORD',
26 silly registry.get     'x-cache': 'HIT',
26 silly registry.get     'x-cache-hits': '1',
26 silly registry.get     'x-timer': 'S1431835726.528623,VS0,VE155',
26 silly registry.get     vary: 'Accept' } ]
27 silly addNameRange number 2 { name: 'webpack-dev-server', range: '*', hasData: true }
28 silly addNameRange versions [ 'webpack-dev-server',
28 silly addNameRange   [ '0.6.0',
28 silly addNameRange     '0.6.1',
28 silly addNameRange     '0.6.2',
28 silly addNameRange     '0.7.0',
28 silly addNameRange     '0.7.1',
28 silly addNameRange     '0.7.2',
28 silly addNameRange     '0.8.0',
28 silly addNameRange     '0.8.1',
28 silly addNameRange     '0.8.2',
28 silly addNameRange     '0.9.0',
28 silly addNameRange     '0.9.1',
28 silly addNameRange     '0.9.2',
28 silly addNameRange     '0.9.3',
28 silly addNameRange     '0.9.4',
28 silly addNameRange     '0.10.0',
28 silly addNameRange     '0.10.1',
28 silly addNameRange     '0.11.0',
28 silly addNameRange     '0.11.1',
28 silly addNameRange     '1.0.0',
28 silly addNameRange     '1.0.1',
28 silly addNameRange     '1.0.2',
28 silly addNameRange     '1.1.0',
28 silly addNameRange     '1.2.0',
28 silly addNameRange     '1.2.1',
28 silly addNameRange     '1.2.2',
28 silly addNameRange     '1.2.3',
28 silly addNameRange     '1.2.4',
28 silly addNameRange     '1.2.5',
28 silly addNameRange     '1.2.6',
28 silly addNameRange     '1.2.7',
28 silly addNameRange     '1.2.8',
28 silly addNameRange     '1.2.9',
28 silly addNameRange     '1.3.0',
28 silly addNameRange     '1.3.1',
28 silly addNameRange     '1.3.2',
28 silly addNameRange     '1.4.0',
28 silly addNameRange     '1.4.1',
28 silly addNameRange     '1.4.2',
28 silly addNameRange     '1.4.3',
28 silly addNameRange     '1.4.4',
28 silly addNameRange     '1.4.5',
28 silly addNameRange     '1.4.6',
28 silly addNameRange     '1.4.7',
28 silly addNameRange     '1.4.9',
28 silly addNameRange     '1.4.10',
28 silly addNameRange     '1.5.0',
28 silly addNameRange     '1.6.0',
28 silly addNameRange     '1.6.1',
28 silly addNameRange     '1.6.2',
28 silly addNameRange     '1.6.3',
28 silly addNameRange     '1.6.4',
28 silly addNameRange     '1.6.5',
28 silly addNameRange     '1.6.6',
28 silly addNameRange     '1.7.0',
28 silly addNameRange     '1.8.0',
28 silly addNameRange     '1.8.1',
28 silly addNameRange     '1.8.2' ] ]
29 verbose addNamed [ 'webpack-dev-server', '1.8.2' ]
30 verbose addNamed [ '1.8.2', '1.8.2' ]
31 silly lockFile 32a6aa5b-webpack-dev-server-1-8-2 webpack-dev-server@1.8.2
32 verbose lock webpack-dev-server@1.8.2 /Users/alexbulnes/.npm/32a6aa5b-webpack-dev-server-1-8-2.lock
33 silly lockFile d9cbf0d4-ver-webpack-dev-server-1-8-2-tgz https://registry.npmjs.org/webpack-dev-server/-/webpack-dev-server-1.8.2.tgz
34 verbose lock https://registry.npmjs.org/webpack-dev-server/-/webpack-dev-server-1.8.2.tgz /Users/alexbulnes/.npm/d9cbf0d4-ver-webpack-dev-server-1-8-2-tgz.lock
35 verbose addRemoteTarball [ 'https://registry.npmjs.org/webpack-dev-server/-/webpack-dev-server-1.8.2.tgz',
35 verbose addRemoteTarball   '43c075600a524ac30130b5c2b25aa413bc3b75db' ]
36 info retry fetch attempt 1 at 01:08:48
37 verbose fetch to= /var/folders/85/t5nr5m_94z505mj69rjfdgnm0000gn/T/npm-6302-EobNMzls/registry.npmjs.org/webpack-dev-server/-/webpack-dev-server-1.8.2.tgz
38 http GET https://registry.npmjs.org/webpack-dev-server/-/webpack-dev-server-1.8.2.tgz
39 http 200 https://registry.npmjs.org/webpack-dev-server/-/webpack-dev-server-1.8.2.tgz
40 silly lockFile d9cbf0d4-ver-webpack-dev-server-1-8-2-tgz https://registry.npmjs.org/webpack-dev-server/-/webpack-dev-server-1.8.2.tgz
41 silly lockFile d9cbf0d4-ver-webpack-dev-server-1-8-2-tgz https://registry.npmjs.org/webpack-dev-server/-/webpack-dev-server-1.8.2.tgz
42 silly lockFile 32a6aa5b-webpack-dev-server-1-8-2 webpack-dev-server@1.8.2
43 silly lockFile 32a6aa5b-webpack-dev-server-1-8-2 webpack-dev-server@1.8.2
44 silly lockFile b579fb99-webpack-dev-server webpack-dev-server@
45 silly lockFile b579fb99-webpack-dev-server webpack-dev-server@
46 silly resolved [ { name: 'webpack-dev-server',
46 silly resolved     version: '1.8.2',
46 silly resolved     author: { name: 'Tobias Koppers @sokra' },
46 silly resolved     description: 'Serves a webpack app. Updates the browser on changes.',
46 silly resolved     peerDependencies: { webpack: '^1.3.0' },
46 silly resolved     dependencies:
46 silly resolved      { 'connect-history-api-fallback': '0.0.5',
46 silly resolved        express: '^4.3.2',
46 silly resolved        'http-proxy': '^1.1.4',
46 silly resolved        optimist: '~0.6.0',
46 silly resolved        'serve-index': '^1.2.0',
46 silly resolved        'socket.io': '^1.3.3',
46 silly resolved        'socket.io-client': '^1.3.3',
46 silly resolved        'stream-cache': '~0.0.1',
46 silly resolved        'strip-ansi': '^2.0.1',
46 silly resolved        'supports-color': '^1.3.1',
46 silly resolved        'webpack-dev-middleware': '^1.0.7' },
46 silly resolved     devDependencies:
46 silly resolved      { 'css-loader': '~0.7.1',
46 silly resolved        'less-loader': '~0.7.5',
46 silly resolved        'style-loader': '~0.7.0',
46 silly resolved        'file-loader': '~0.7.2',
46 silly resolved        'jade-loader': '~0.6.1',
46 silly resolved        'url-loader': '~0.5.5',
46 silly resolved        webpack: '^1.3.0' },
46 silly resolved     licenses: [ [Object] ],
46 silly resolved     repository:
46 silly resolved      { type: 'git',
46 silly resolved        url: 'git://github.com/webpack/webpack-dev-server.git' },
46 silly resolved     homepage: 'http://github.com/webpack/webpack-dev-server',
46 silly resolved     main: 'lib/Server.js',
46 silly resolved     bin: { 'webpack-dev-server': 'bin/webpack-dev-server.js' },
46 silly resolved     scripts: { prepublish: 'webpack ./client/live.js client/live.bundle.js --colors --config client/webpack.config.js -p && webpack ./client/index.js client/index.bundle.js --colors --config client/webpack.config.js -p' },
46 silly resolved     gitHead: '242cf1206dbbd0be35d41fecc47c7eb2d7eecc45',
46 silly resolved     bugs: { url: 'https://github.com/webpack/webpack-dev-server/issues' },
46 silly resolved     _id: 'webpack-dev-server@1.8.2',
46 silly resolved     _shasum: '43c075600a524ac30130b5c2b25aa413bc3b75db',
46 silly resolved     _from: 'webpack-dev-server@',
46 silly resolved     _npmVersion: '1.4.23',
46 silly resolved     _npmUser: { name: 'sokra', email: 'tobias.koppers@googlemail.com' },
46 silly resolved     maintainers: [ [Object] ],
46 silly resolved     dist:
46 silly resolved      { shasum: '43c075600a524ac30130b5c2b25aa413bc3b75db',
46 silly resolved        tarball: 'http://registry.npmjs.org/webpack-dev-server/-/webpack-dev-server-1.8.2.tgz' },
46 silly resolved     directories: {},
46 silly resolved     _resolved: 'https://registry.npmjs.org/webpack-dev-server/-/webpack-dev-server-1.8.2.tgz' } ]
47 info install webpack-dev-server@1.8.2 into /usr/local/lib
48 info installOne webpack-dev-server@1.8.2
49 verbose lib/node_modules/webpack-dev-server unbuild
50 verbose tar unpack /Users/alexbulnes/.npm/webpack-dev-server/1.8.2/package.tgz
51 silly lockFile d5016488--node-modules-webpack-dev-server tar:///usr/local/lib/node_modules/webpack-dev-server
52 verbose lock tar:///usr/local/lib/node_modules/webpack-dev-server /Users/alexbulnes/.npm/d5016488--node-modules-webpack-dev-server.lock
53 silly lockFile 9e2fb69e-ack-dev-server-1-8-2-package-tgz tar:///Users/alexbulnes/.npm/webpack-dev-server/1.8.2/package.tgz
54 verbose lock tar:///Users/alexbulnes/.npm/webpack-dev-server/1.8.2/package.tgz /Users/alexbulnes/.npm/9e2fb69e-ack-dev-server-1-8-2-package-tgz.lock
55 silly gunzTarPerm modes [ '755', '644' ]
56 error Error: EACCES, mkdir '/usr/local/lib/node_modules/webpack-dev-server'
56 error  { [Error: EACCES, mkdir '/usr/local/lib/node_modules/webpack-dev-server']
56 error   errno: 3,
56 error   code: 'EACCES',
56 error   path: '/usr/local/lib/node_modules/webpack-dev-server',
56 error   fstream_type: 'Directory',
56 error   fstream_path: '/usr/local/lib/node_modules/webpack-dev-server',
56 error   fstream_class: 'DirWriter',
56 error   fstream_stack:
56 error    [ '/usr/local/lib/node_modules/npm/node_modules/fstream/lib/dir-writer.js:36:23',
56 error      '/usr/local/lib/node_modules/npm/node_modules/mkdirp/index.js:46:53',
56 error      'Object.oncomplete (fs.js:107:15)' ] }
57 error Please try running this command again as root/Administrator.
58 error System Darwin 13.4.0
59 error command "/usr/local/bin/node" "/usr/local/bin/npm" "install" "webpack-dev-server" "-g"
60 error cwd /MEDINA/Huge/Treinamento/JavascriptExercise
61 error node -v v0.10.33
62 error npm -v 1.4.28
63 error path /usr/local/lib/node_modules/webpack-dev-server
64 error fstream_path /usr/local/lib/node_modules/webpack-dev-server
65 error fstream_type Directory
66 error fstream_class DirWriter
67 error code EACCES
68 error errno 3
69 error stack Error: EACCES, mkdir '/usr/local/lib/node_modules/webpack-dev-server'
70 error fstream_stack /usr/local/lib/node_modules/npm/node_modules/fstream/lib/dir-writer.js:36:23
70 error fstream_stack /usr/local/lib/node_modules/npm/node_modules/mkdirp/index.js:46:53
70 error fstream_stack Object.oncomplete (fs.js:107:15)
71 verbose exit [ 3, true ]
